1693842438298 : opera 5462.96875 432635904
1693842443087 : opera 5463.015625 432676864
1693842478145 : opera 5464.5 435662848
1693842483337 : opera 5464.84375 431587328
1693842488515 : opera 5464.90625 432873472
1693842493681 : opera 5464.96875 432873472
1693842498724 : opera 5465 432828416
1693842503945 : opera 5465.125 432168960
1693842509077 : opera 5465.125 432214016
1693842514143 : opera 5465.171875 432214016
1693842519315 : opera 5465.25 432214016
1693842524698 : opera 5465.5625 432492544
1693842531756 : opera 5466.453125 435261440
1693842536898 : opera 5466.46875 432881664
1693842542047 : opera 5466.46875 431992832
1693842546989 : opera 5466.46875 431992832
1693842552100 : opera 5466.578125 432017408
1693842557097 : opera 5466.640625 432017408
1693842562169 : opera 5466.703125 432017408
1693842567826 : opera 5466.75 431529984
1693842573131 : opera 5466.765625 431599616
1693842578122 : opera 5466.859375 431624192
1693842583080 : opera 5466.875 431624192
1693842588115 : opera 5467.109375 431595520
1693842593009 : opera 5467.125 431591424
1693842597885 : opera 5467.140625 431591424
